sept. 06, 2021 4:20:42 P. M. ParteII main
INFORMACIÓN: El programa ha comenzado
sept. 06, 2021 4:20:42 P. M. ParteII main
INFORMACIÓN: Vamos a contar de 0 hasta 9
sept. 06, 2021 4:20:42 P. M. ParteII main
DETALLADO: Vamos por la vuelta 1
sept. 06, 2021 4:20:42 P. M. ParteII main
DETALLADO: Vamos por la vuelta 2
sept. 06, 2021 4:20:42 P. M. ParteII main
DETALLADO: Vamos por la vuelta 3
sept. 06, 2021 4:20:42 P. M. ParteII main
DETALLADO: Vamos por la vuelta 4
sept. 06, 2021 4:20:42 P. M. ParteII main
DETALLADO: Vamos por la vuelta 5
sept. 06, 2021 4:20:42 P. M. ParteII main
DETALLADO: Vamos por la vuelta 6
sept. 06, 2021 4:20:42 P. M. ParteII main
DETALLADO: Vamos por la vuelta 7
sept. 06, 2021 4:20:42 P. M. ParteII main
DETALLADO: Vamos por la vuelta 8
sept. 06, 2021 4:20:42 P. M. ParteII main
DETALLADO: Vamos por la vuelta 9
sept. 06, 2021 4:20:42 P. M. ParteII main
DETALLADO: Vamos por la vuelta 10
sept. 06, 2021 4:20:42 P. M. ParteII main
GRAVE: Error abriendo el fichero. noexiste.txt (El sistema no puede encontrar el archivo especificado)
sept. 06, 2021 4:20:42 P. M. ParteII main
INFORMACIÓN: El programa ha terminado
